mode: set
github.com/visionik/mogcli/internal/graph/client.go:31.35,33.16 2 0
github.com/visionik/mogcli/internal/graph/client.go:33.16,35.3 1 0
github.com/visionik/mogcli/internal/graph/client.go:38.2,38.67 1 0
github.com/visionik/mogcli/internal/graph/client.go:38.67,41.17 2 0
github.com/visionik/mogcli/internal/graph/client.go:41.17,43.4 1 0
github.com/visionik/mogcli/internal/graph/client.go:44.3,44.54 1 0
github.com/visionik/mogcli/internal/graph/client.go:44.54,46.4 1 0
github.com/visionik/mogcli/internal/graph/client.go:48.3,49.17 2 0
github.com/visionik/mogcli/internal/graph/client.go:49.17,51.4 1 0
github.com/visionik/mogcli/internal/graph/client.go:52.3,52.21 1 0
github.com/visionik/mogcli/internal/graph/client.go:55.2,58.8 1 0
github.com/visionik/mogcli/internal/graph/client.go:62.90,64.2 1 0
github.com/visionik/mogcli/internal/graph/client.go:67.91,69.2 1 0
github.com/visionik/mogcli/internal/graph/client.go:72.92,74.2 1 0
github.com/visionik/mogcli/internal/graph/client.go:77.65,80.2 2 0
github.com/visionik/mogcli/internal/graph/client.go:83.105,87.16 3 0
github.com/visionik/mogcli/internal/graph/client.go:87.16,89.3 1 0
github.com/visionik/mogcli/internal/graph/client.go:91.2,95.16 4 0
github.com/visionik/mogcli/internal/graph/client.go:95.16,97.3 1 0
github.com/visionik/mogcli/internal/graph/client.go:98.2,101.16 3 0
github.com/visionik/mogcli/internal/graph/client.go:101.16,103.3 1 0
github.com/visionik/mogcli/internal/graph/client.go:105.2,105.28 1 0
github.com/visionik/mogcli/internal/graph/client.go:105.28,112.79 2 0
github.com/visionik/mogcli/internal/graph/client.go:112.79,114.4 1 0
github.com/visionik/mogcli/internal/graph/client.go:115.3,115.80 1 0
github.com/visionik/mogcli/internal/graph/client.go:118.2,118.22 1 0
github.com/visionik/mogcli/internal/graph/client.go:121.120,123.36 2 0
github.com/visionik/mogcli/internal/graph/client.go:123.36,125.3 1 0
github.com/visionik/mogcli/internal/graph/client.go:127.2,128.17 2 0
github.com/visionik/mogcli/internal/graph/client.go:128.17,130.17 2 0
github.com/visionik/mogcli/internal/graph/client.go:130.17,132.4 1 0
github.com/visionik/mogcli/internal/graph/client.go:133.3,133.37 1 0
github.com/visionik/mogcli/internal/graph/client.go:136.2,137.16 2 0
github.com/visionik/mogcli/internal/graph/client.go:137.16,139.3 1 0
github.com/visionik/mogcli/internal/graph/client.go:141.2,145.16 4 0
github.com/visionik/mogcli/internal/graph/client.go:145.16,147.3 1 0
github.com/visionik/mogcli/internal/graph/client.go:148.2,151.16 3 0
github.com/visionik/mogcli/internal/graph/client.go:151.16,153.3 1 0
github.com/visionik/mogcli/internal/graph/client.go:155.2,155.28 1 0
github.com/visionik/mogcli/internal/graph/client.go:155.28,162.79 2 0
github.com/visionik/mogcli/internal/graph/client.go:162.79,164.4 1 0
github.com/visionik/mogcli/internal/graph/client.go:165.3,165.80 1 0
github.com/visionik/mogcli/internal/graph/client.go:168.2,168.22 1 0
github.com/visionik/mogcli/internal/graph/client.go:193.70,211.16 6 0
github.com/visionik/mogcli/internal/graph/client.go:211.16,213.3 1 0
github.com/visionik/mogcli/internal/graph/client.go:214.2,217.16 3 0
github.com/visionik/mogcli/internal/graph/client.go:217.16,219.3 1 0
github.com/visionik/mogcli/internal/graph/client.go:221.2,222.54 2 0
github.com/visionik/mogcli/internal/graph/client.go:222.54,224.3 1 0
github.com/visionik/mogcli/internal/graph/client.go:226.2,226.21 1 0
github.com/visionik/mogcli/internal/graph/client.go:230.86,236.6 5 0
github.com/visionik/mogcli/internal/graph/client.go:236.6,240.17 3 0
github.com/visionik/mogcli/internal/graph/client.go:240.17,242.4 1 0
github.com/visionik/mogcli/internal/graph/client.go:244.3,246.17 3 0
github.com/visionik/mogcli/internal/graph/client.go:246.17,248.4 1 0
github.com/visionik/mogcli/internal/graph/client.go:250.3,251.58 2 0
github.com/visionik/mogcli/internal/graph/client.go:251.58,253.4 1 0
github.com/visionik/mogcli/internal/graph/client.go:255.3,255.49 1 0
github.com/visionik/mogcli/internal/graph/client.go:255.49,256.12 1 0
github.com/visionik/mogcli/internal/graph/client.go:259.3,259.28 1 0
github.com/visionik/mogcli/internal/graph/client.go:259.28,261.4 1 0
github.com/visionik/mogcli/internal/graph/client.go:263.3,267.9 1 0
github.com/visionik/mogcli/internal/graph/client.go:272.74,279.16 6 0
github.com/visionik/mogcli/internal/graph/client.go:279.16,281.3 1 0
github.com/visionik/mogcli/internal/graph/client.go:282.2,285.16 3 0
github.com/visionik/mogcli/internal/graph/client.go:285.16,287.3 1 0
github.com/visionik/mogcli/internal/graph/client.go:289.2,290.57 2 0
github.com/visionik/mogcli/internal/graph/client.go:290.57,292.3 1 0
github.com/visionik/mogcli/internal/graph/client.go:294.2,294.27 1 0
github.com/visionik/mogcli/internal/graph/client.go:294.27,296.3 1 0
github.com/visionik/mogcli/internal/graph/client.go:298.2,305.50 2 0
github.com/visionik/mogcli/internal/graph/client.go:305.50,307.3 1 0
github.com/visionik/mogcli/internal/graph/client.go:309.2,309.20 1 0
github.com/visionik/mogcli/internal/graph/slugs.go:18.33,19.14 1 1
github.com/visionik/mogcli/internal/graph/slugs.go:19.14,21.3 1 1
github.com/visionik/mogcli/internal/graph/slugs.go:23.2,26.22 3 1
github.com/visionik/mogcli/internal/graph/slugs.go:26.22,29.17 3 1
github.com/visionik/mogcli/internal/graph/slugs.go:29.17,34.4 1 0
github.com/visionik/mogcli/internal/graph/slugs.go:38.2,38.44 1 1
github.com/visionik/mogcli/internal/graph/slugs.go:38.44,40.3 1 1
github.com/visionik/mogcli/internal/graph/slugs.go:43.2,49.6 5 1
github.com/visionik/mogcli/internal/graph/slugs.go:49.6,50.74 1 1
github.com/visionik/mogcli/internal/graph/slugs.go:50.74,51.9 1 1
github.com/visionik/mogcli/internal/graph/slugs.go:53.3,54.70 2 0
github.com/visionik/mogcli/internal/graph/slugs.go:58.2,64.13 4 1
github.com/visionik/mogcli/internal/graph/slugs.go:68.37,69.17 1 1
github.com/visionik/mogcli/internal/graph/slugs.go:69.17,71.3 1 1
github.com/visionik/mogcli/internal/graph/slugs.go:74.2,74.21 1 1
github.com/visionik/mogcli/internal/graph/slugs.go:74.21,76.3 1 1
github.com/visionik/mogcli/internal/graph/slugs.go:78.2,81.22 3 1
github.com/visionik/mogcli/internal/graph/slugs.go:81.22,84.17 3 1
github.com/visionik/mogcli/internal/graph/slugs.go:84.17,86.4 1 0
github.com/visionik/mogcli/internal/graph/slugs.go:90.2,90.49 1 1
github.com/visionik/mogcli/internal/graph/slugs.go:90.49,92.3 1 1
github.com/visionik/mogcli/internal/graph/slugs.go:95.2,95.14 1 1
github.com/visionik/mogcli/internal/graph/slugs.go:99.25,109.2 4 1
