mode: set
github.com/visionik/mogcli/internal/config/config.go:30.34,32.16 2 1
github.com/visionik/mogcli/internal/config/config.go:32.16,34.3 1 0
github.com/visionik/mogcli/internal/config/config.go:35.2,35.51 1 1
github.com/visionik/mogcli/internal/config/config.go:39.30,41.16 2 1
github.com/visionik/mogcli/internal/config/config.go:41.16,43.3 1 0
github.com/visionik/mogcli/internal/config/config.go:45.2,47.16 3 1
github.com/visionik/mogcli/internal/config/config.go:47.16,48.25 1 1
github.com/visionik/mogcli/internal/config/config.go:48.25,50.4 1 1
github.com/visionik/mogcli/internal/config/config.go:51.3,51.18 1 0
github.com/visionik/mogcli/internal/config/config.go:54.2,55.51 2 1
github.com/visionik/mogcli/internal/config/config.go:55.51,57.3 1 1
github.com/visionik/mogcli/internal/config/config.go:59.2,59.18 1 1
github.com/visionik/mogcli/internal/config/config.go:63.30,65.16 2 1
github.com/visionik/mogcli/internal/config/config.go:65.16,67.3 1 0
github.com/visionik/mogcli/internal/config/config.go:69.2,69.47 1 1
github.com/visionik/mogcli/internal/config/config.go:69.47,71.3 1 0
github.com/visionik/mogcli/internal/config/config.go:73.2,74.16 2 1
github.com/visionik/mogcli/internal/config/config.go:74.16,76.3 1 0
github.com/visionik/mogcli/internal/config/config.go:78.2,78.70 1 1
github.com/visionik/mogcli/internal/config/config.go:82.36,84.16 2 1
github.com/visionik/mogcli/internal/config/config.go:84.16,86.3 1 0
github.com/visionik/mogcli/internal/config/config.go:88.2,90.16 3 1
github.com/visionik/mogcli/internal/config/config.go:90.16,91.25 1 1
github.com/visionik/mogcli/internal/config/config.go:91.25,93.4 1 1
github.com/visionik/mogcli/internal/config/config.go:94.3,94.18 1 0
github.com/visionik/mogcli/internal/config/config.go:97.2,98.54 2 1
github.com/visionik/mogcli/internal/config/config.go:98.54,100.3 1 1
github.com/visionik/mogcli/internal/config/config.go:102.2,102.21 1 1
github.com/visionik/mogcli/internal/config/config.go:106.39,108.16 2 1
github.com/visionik/mogcli/internal/config/config.go:108.16,110.3 1 0
github.com/visionik/mogcli/internal/config/config.go:112.2,112.47 1 1
github.com/visionik/mogcli/internal/config/config.go:112.47,114.3 1 0
github.com/visionik/mogcli/internal/config/config.go:116.2,117.16 2 1
github.com/visionik/mogcli/internal/config/config.go:117.16,119.3 1 0
github.com/visionik/mogcli/internal/config/config.go:121.2,121.68 1 1
github.com/visionik/mogcli/internal/config/config.go:125.27,127.16 2 1
github.com/visionik/mogcli/internal/config/config.go:127.16,129.3 1 0
github.com/visionik/mogcli/internal/config/config.go:131.2,132.63 2 1
github.com/visionik/mogcli/internal/config/config.go:132.63,134.3 1 0
github.com/visionik/mogcli/internal/config/config.go:135.2,135.12 1 1
github.com/visionik/mogcli/internal/config/config.go:139.34,141.16 2 1
github.com/visionik/mogcli/internal/config/config.go:141.16,143.3 1 0
github.com/visionik/mogcli/internal/config/config.go:145.2,147.16 3 1
github.com/visionik/mogcli/internal/config/config.go:147.16,148.25 1 1
github.com/visionik/mogcli/internal/config/config.go:148.25,153.4 1 1
github.com/visionik/mogcli/internal/config/config.go:154.3,154.18 1 0
github.com/visionik/mogcli/internal/config/config.go:157.2,158.53 2 1
github.com/visionik/mogcli/internal/config/config.go:158.53,160.3 1 1
github.com/visionik/mogcli/internal/config/config.go:162.2,162.27 1 1
github.com/visionik/mogcli/internal/config/config.go:162.27,164.3 1 1
github.com/visionik/mogcli/internal/config/config.go:165.2,165.27 1 1
github.com/visionik/mogcli/internal/config/config.go:165.27,167.3 1 1
github.com/visionik/mogcli/internal/config/config.go:169.2,169.20 1 1
github.com/visionik/mogcli/internal/config/config.go:173.36,175.16 2 1
github.com/visionik/mogcli/internal/config/config.go:175.16,177.3 1 0
github.com/visionik/mogcli/internal/config/config.go:179.2,179.47 1 1
github.com/visionik/mogcli/internal/config/config.go:179.47,181.3 1 0
github.com/visionik/mogcli/internal/config/config.go:183.2,184.16 2 1
github.com/visionik/mogcli/internal/config/config.go:184.16,186.3 1 0
github.com/visionik/mogcli/internal/config/config.go:188.2,188.67 1 1
