mode: set
github.com/visionik/mogcli/internal/config/config.go:19.39,20.22 1 1
github.com/visionik/mogcli/internal/config/config.go:20.22,22.3 1 1
github.com/visionik/mogcli/internal/config/config.go:23.2,23.21 1 1
github.com/visionik/mogcli/internal/config/config.go:37.39,38.21 1 1
github.com/visionik/mogcli/internal/config/config.go:38.21,40.3 1 1
github.com/visionik/mogcli/internal/config/config.go:41.2,41.38 1 1
github.com/visionik/mogcli/internal/config/config.go:41.38,44.3 1 1
github.com/visionik/mogcli/internal/config/config.go:45.2,45.10 1 1
github.com/visionik/mogcli/internal/config/config.go:55.34,57.16 2 1
github.com/visionik/mogcli/internal/config/config.go:57.16,59.3 1 0
github.com/visionik/mogcli/internal/config/config.go:60.2,60.51 1 1
github.com/visionik/mogcli/internal/config/config.go:64.30,66.16 2 1
github.com/visionik/mogcli/internal/config/config.go:66.16,68.3 1 0
github.com/visionik/mogcli/internal/config/config.go:70.2,72.16 3 1
github.com/visionik/mogcli/internal/config/config.go:72.16,73.25 1 1
github.com/visionik/mogcli/internal/config/config.go:73.25,75.4 1 1
github.com/visionik/mogcli/internal/config/config.go:76.3,76.18 1 1
github.com/visionik/mogcli/internal/config/config.go:79.2,80.51 2 1
github.com/visionik/mogcli/internal/config/config.go:80.51,82.3 1 1
github.com/visionik/mogcli/internal/config/config.go:84.2,84.18 1 1
github.com/visionik/mogcli/internal/config/config.go:88.30,90.16 2 1
github.com/visionik/mogcli/internal/config/config.go:90.16,92.3 1 0
github.com/visionik/mogcli/internal/config/config.go:94.2,94.47 1 1
github.com/visionik/mogcli/internal/config/config.go:94.47,96.3 1 0
github.com/visionik/mogcli/internal/config/config.go:98.2,99.16 2 1
github.com/visionik/mogcli/internal/config/config.go:99.16,101.3 1 0
github.com/visionik/mogcli/internal/config/config.go:103.2,103.70 1 1
github.com/visionik/mogcli/internal/config/config.go:107.36,109.16 2 1
github.com/visionik/mogcli/internal/config/config.go:109.16,111.3 1 0
github.com/visionik/mogcli/internal/config/config.go:113.2,115.16 3 1
github.com/visionik/mogcli/internal/config/config.go:115.16,116.25 1 1
github.com/visionik/mogcli/internal/config/config.go:116.25,118.4 1 1
github.com/visionik/mogcli/internal/config/config.go:119.3,119.18 1 1
github.com/visionik/mogcli/internal/config/config.go:122.2,123.54 2 1
github.com/visionik/mogcli/internal/config/config.go:123.54,125.3 1 1
github.com/visionik/mogcli/internal/config/config.go:127.2,127.21 1 1
github.com/visionik/mogcli/internal/config/config.go:131.39,133.16 2 1
github.com/visionik/mogcli/internal/config/config.go:133.16,135.3 1 0
github.com/visionik/mogcli/internal/config/config.go:137.2,137.47 1 1
github.com/visionik/mogcli/internal/config/config.go:137.47,139.3 1 0
github.com/visionik/mogcli/internal/config/config.go:141.2,142.16 2 1
github.com/visionik/mogcli/internal/config/config.go:142.16,144.3 1 0
github.com/visionik/mogcli/internal/config/config.go:146.2,146.68 1 1
github.com/visionik/mogcli/internal/config/config.go:150.27,152.16 2 1
github.com/visionik/mogcli/internal/config/config.go:152.16,154.3 1 0
github.com/visionik/mogcli/internal/config/config.go:156.2,157.63 2 1
github.com/visionik/mogcli/internal/config/config.go:157.63,159.3 1 1
github.com/visionik/mogcli/internal/config/config.go:160.2,160.12 1 1
github.com/visionik/mogcli/internal/config/config.go:164.34,166.16 2 1
github.com/visionik/mogcli/internal/config/config.go:166.16,168.3 1 0
github.com/visionik/mogcli/internal/config/config.go:170.2,172.16 3 1
github.com/visionik/mogcli/internal/config/config.go:172.16,173.25 1 1
github.com/visionik/mogcli/internal/config/config.go:173.25,178.4 1 1
github.com/visionik/mogcli/internal/config/config.go:179.3,179.18 1 1
github.com/visionik/mogcli/internal/config/config.go:182.2,183.53 2 1
github.com/visionik/mogcli/internal/config/config.go:183.53,185.3 1 1
github.com/visionik/mogcli/internal/config/config.go:187.2,187.27 1 1
github.com/visionik/mogcli/internal/config/config.go:187.27,189.3 1 1
github.com/visionik/mogcli/internal/config/config.go:190.2,190.27 1 1
github.com/visionik/mogcli/internal/config/config.go:190.27,192.3 1 1
github.com/visionik/mogcli/internal/config/config.go:194.2,194.20 1 1
github.com/visionik/mogcli/internal/config/config.go:198.36,200.16 2 1
github.com/visionik/mogcli/internal/config/config.go:200.16,202.3 1 0
github.com/visionik/mogcli/internal/config/config.go:204.2,204.47 1 1
github.com/visionik/mogcli/internal/config/config.go:204.47,206.3 1 0
github.com/visionik/mogcli/internal/config/config.go:208.2,209.16 2 1
github.com/visionik/mogcli/internal/config/config.go:209.16,211.3 1 0
github.com/visionik/mogcli/internal/config/config.go:213.2,213.67 1 1
